{"C:\\Users\\jhosl\\OneDrive\\Documentos\\React\\Introducion\\firt_app\\FRONTEND-BACKEND\\rest-api-node-ts-server\\src\\router.ts": {"path":"C:\\Users\\jhosl\\OneDrive\\Documentos\\React\\Introducion\\firt_app\\FRONTEND-BACKEND\\rest-api-node-ts-server\\src\\router.ts","statementMap":{"0":{"start":{"line":1,"column":0},"end":{"line":1,"column":33}},"1":{"start":{"line":2,"column":0},"end":{"line":2,"column":null}},"2":{"start":{"line":10,"column":0},"end":{"line":10,"column":48}},"3":{"start":{"line":11,"column":0},"end":{"line":11,"column":50}},"4":{"start":{"line":13,"column":15},"end":{"line":13,"column":23}},"5":{"start":{"line":15,"column":0},"end":{"line":15,"column":28}},"6":{"start":{"line":17,"column":0},"end":{"line":22,"column":2}},"7":{"start":{"line":24,"column":0},"end":{"line":37,"column":2}},"8":{"start":{"line":33,"column":23},"end":{"line":33,"column":32}},"9":{"start":{"line":39,"column":0},"end":{"line":54,"column":2}},"10":{"start":{"line":47,"column":23},"end":{"line":47,"column":32}},"11":{"start":{"line":56,"column":0},"end":{"line":61,"column":2}},"12":{"start":{"line":63,"column":0},"end":{"line":68,"column":2}},"13":{"start":{"line":70,"column":0},"end":{"line":70,"column":22}}},"fnMap":{"0":{"name":"(anonymous_0)","decl":{"start":{"line":33,"column":12},"end":{"line":33,"column":13}},"loc":{"start":{"line":33,"column":23},"end":{"line":33,"column":32}}},"1":{"name":"(anonymous_1)","decl":{"start":{"line":47,"column":12},"end":{"line":47,"column":13}},"loc":{"start":{"line":47,"column":23},"end":{"line":47,"column":32}}}},"branchMap":{},"s":{"0":2,"1":2,"2":2,"3":2,"4":2,"5":2,"6":2,"7":2,"8":4,"9":2,"10":5,"11":2,"12":2,"13":2},"f":{"0":4,"1":5},"b":{}}
,"C:\\Users\\jhosl\\OneDrive\\Documentos\\React\\Introducion\\firt_app\\FRONTEND-BACKEND\\rest-api-node-ts-server\\src\\server.ts": {"path":"C:\\Users\\jhosl\\OneDrive\\Documentos\\React\\Introducion\\firt_app\\FRONTEND-BACKEND\\rest-api-node-ts-server\\src\\server.ts","statementMap":{"0":{"start":{"line":1,"column":0},"end":{"line":1,"column":30}},"1":{"start":{"line":2,"column":0},"end":{"line":2,"column":30}},"2":{"start":{"line":3,"column":0},"end":{"line":3,"column":29}},"3":{"start":{"line":5,"column":0},"end":{"line":5,"column":51}},"4":{"start":{"line":8,"column":2},"end":{"line":8,"column":26}},"5":{"start":{"line":9,"column":2},"end":{"line":9,"column":12}},"6":{"start":{"line":13,"column":0},"end":{"line":13,"column":12}},"7":{"start":{"line":16,"column":15},"end":{"line":16,"column":24}},"8":{"start":{"line":19,"column":0},"end":{"line":19,"column":27}},"9":{"start":{"line":21,"column":0},"end":{"line":21,"column":36}},"10":{"start":{"line":23,"column":0},"end":{"line":23,"column":44}},"11":{"start":{"line":25,"column":0},"end":{"line":25,"column":22}}},"fnMap":{"0":{"name":"connectDB","decl":{"start":{"line":7,"column":15},"end":{"line":7,"column":24}},"loc":{"start":{"line":7,"column":24},"end":{"line":11,"column":1}}}},"branchMap":{},"s":{"0":2,"1":2,"2":2,"3":2,"4":2,"5":2,"6":2,"7":2,"8":2,"9":2,"10":2,"11":2},"f":{"0":2},"b":{}}
,"C:\\Users\\jhosl\\OneDrive\\Documentos\\React\\Introducion\\firt_app\\FRONTEND-BACKEND\\rest-api-node-ts-server\\src\\config\\db.ts": {"path":"C:\\Users\\jhosl\\OneDrive\\Documentos\\React\\Introducion\\firt_app\\FRONTEND-BACKEND\\rest-api-node-ts-server\\src\\config\\db.ts","statementMap":{"0":{"start":{"line":1,"column":0},"end":{"line":1,"column":49}},"1":{"start":{"line":2,"column":0},"end":{"line":2,"column":28}},"2":{"start":{"line":4,"column":0},"end":{"line":4,"column":16}},"3":{"start":{"line":5,"column":11},"end":{"line":8,"column":2}},"4":{"start":{"line":10,"column":0},"end":{"line":10,"column":18}}},"fnMap":{},"branchMap":{},"s":{"0":2,"1":2,"2":2,"3":2,"4":2},"f":{},"b":{}}
,"C:\\Users\\jhosl\\OneDrive\\Documentos\\React\\Introducion\\firt_app\\FRONTEND-BACKEND\\rest-api-node-ts-server\\src\\handlers\\product.ts": {"path":"C:\\Users\\jhosl\\OneDrive\\Documentos\\React\\Introducion\\firt_app\\FRONTEND-BACKEND\\rest-api-node-ts-server\\src\\handlers\\product.ts","statementMap":{"0":{"start":{"line":2,"column":0},"end":{"line":2,"column":46}},"1":{"start":{"line":5,"column":30},"end":{"line":14,"column":1}},"2":{"start":{"line":6,"column":17},"end":{"line":6,"column":27}},"3":{"start":{"line":7,"column":20},"end":{"line":7,"column":46}},"4":{"start":{"line":8,"column":4},"end":{"line":12,"column":5}},"5":{"start":{"line":9,"column":6},"end":{"line":11,"column":9}},"6":{"start":{"line":13,"column":4},"end":{"line":13,"column":32}},"7":{"start":{"line":5,"column":13},"end":{"line":5,"column":30}},"8":{"start":{"line":16,"column":26},"end":{"line":21,"column":1}},"9":{"start":{"line":17,"column":18},"end":{"line":19,"column":4}},"10":{"start":{"line":20,"column":2},"end":{"line":20,"column":30}},"11":{"start":{"line":16,"column":13},"end":{"line":16,"column":26}},"12":{"start":{"line":23,"column":29},"end":{"line":27,"column":1}},"13":{"start":{"line":24,"column":18},"end":{"line":24,"column":48}},"14":{"start":{"line":25,"column":23},"end":{"line":25,"column":43}},"15":{"start":{"line":26,"column":2},"end":{"line":26,"column":47}},"16":{"start":{"line":23,"column":13},"end":{"line":23,"column":29}},"17":{"start":{"line":29,"column":29},"end":{"line":43,"column":1}},"18":{"start":{"line":30,"column":17},"end":{"line":30,"column":27}},"19":{"start":{"line":31,"column":18},"end":{"line":31,"column":44}},"20":{"start":{"line":32,"column":2},"end":{"line":36,"column":3}},"21":{"start":{"line":33,"column":4},"end":{"line":35,"column":7}},"22":{"start":{"line":39,"column":2},"end":{"line":39,"column":33}},"23":{"start":{"line":40,"column":2},"end":{"line":40,"column":null}},"24":{"start":{"line":42,"column":2},"end":{"line":42,"column":30}},"25":{"start":{"line":29,"column":13},"end":{"line":29,"column":29}},"26":{"start":{"line":46,"column":34},"end":{"line":60,"column":1}},"27":{"start":{"line":47,"column":17},"end":{"line":47,"column":27}},"28":{"start":{"line":48,"column":18},"end":{"line":48,"column":44}},"29":{"start":{"line":49,"column":2},"end":{"line":53,"column":3}},"30":{"start":{"line":50,"column":4},"end":{"line":52,"column":7}},"31":{"start":{"line":56,"column":2},"end":{"line":56,"column":null}},"32":{"start":{"line":57,"column":2},"end":{"line":57,"column":null}},"33":{"start":{"line":59,"column":2},"end":{"line":59,"column":30}},"34":{"start":{"line":46,"column":13},"end":{"line":46,"column":34}},"35":{"start":{"line":62,"column":29},"end":{"line":75,"column":1}},"36":{"start":{"line":63,"column":17},"end":{"line":63,"column":27}},"37":{"start":{"line":64,"column":18},"end":{"line":64,"column":44}},"38":{"start":{"line":65,"column":2},"end":{"line":69,"column":3}},"39":{"start":{"line":66,"column":4},"end":{"line":68,"column":7}},"40":{"start":{"line":72,"column":2},"end":{"line":72,"column":null}},"41":{"start":{"line":73,"column":2},"end":{"line":73,"column":null}},"42":{"start":{"line":62,"column":13},"end":{"line":62,"column":29}}},"fnMap":{"0":{"name":"(anonymous_1)","decl":{"start":{"line":5,"column":30},"end":{"line":5,"column":35}},"loc":{"start":{"line":5,"column":68},"end":{"line":14,"column":1}}},"1":{"name":"(anonymous_2)","decl":{"start":{"line":16,"column":26},"end":{"line":16,"column":31}},"loc":{"start":{"line":16,"column":64},"end":{"line":21,"column":1}}},"2":{"name":"(anonymous_3)","decl":{"start":{"line":23,"column":29},"end":{"line":23,"column":34}},"loc":{"start":{"line":23,"column":67},"end":{"line":27,"column":1}}},"3":{"name":"(anonymous_4)","decl":{"start":{"line":29,"column":29},"end":{"line":29,"column":34}},"loc":{"start":{"line":29,"column":67},"end":{"line":43,"column":1}}},"4":{"name":"(anonymous_5)","decl":{"start":{"line":46,"column":34},"end":{"line":46,"column":39}},"loc":{"start":{"line":46,"column":73},"end":{"line":60,"column":1}}},"5":{"name":"(anonymous_6)","decl":{"start":{"line":62,"column":29},"end":{"line":62,"column":34}},"loc":{"start":{"line":62,"column":67},"end":{"line":75,"column":1}}}},"branchMap":{"0":{"loc":{"start":{"line":8,"column":4},"end":{"line":12,"column":5}},"type":"if","locations":[{"start":{"line":8,"column":4},"end":{"line":12,"column":5}}]},"1":{"loc":{"start":{"line":32,"column":2},"end":{"line":36,"column":3}},"type":"if","locations":[{"start":{"line":32,"column":2},"end":{"line":36,"column":3}}]},"2":{"loc":{"start":{"line":49,"column":2},"end":{"line":53,"column":3}},"type":"if","locations":[{"start":{"line":49,"column":2},"end":{"line":53,"column":3}}]},"3":{"loc":{"start":{"line":65,"column":2},"end":{"line":69,"column":3}},"type":"if","locations":[{"start":{"line":65,"column":2},"end":{"line":69,"column":3}}]}},"s":{"0":2,"1":2,"2":2,"3":2,"4":2,"5":1,"6":1,"7":2,"8":2,"9":3,"10":3,"11":2,"12":2,"13":1,"14":1,"15":1,"16":2,"17":2,"18":2,"19":2,"20":2,"21":1,"22":1,"23":1,"24":1,"25":2,"26":2,"27":2,"28":2,"29":2,"30":1,"31":1,"32":1,"33":1,"34":2,"35":2,"36":2,"37":2,"38":2,"39":1,"40":1,"41":1,"42":2},"f":{"0":2,"1":3,"2":1,"3":2,"4":2,"5":2},"b":{"0":[1],"1":[1],"2":[1],"3":[1]}}
,"C:\\Users\\jhosl\\OneDrive\\Documentos\\React\\Introducion\\firt_app\\FRONTEND-BACKEND\\rest-api-node-ts-server\\src\\middleware\\index.ts": {"path":"C:\\Users\\jhosl\\OneDrive\\Documentos\\React\\Introducion\\firt_app\\FRONTEND-BACKEND\\rest-api-node-ts-server\\src\\middleware\\index.ts","statementMap":{"0":{"start":{"line":2,"column":0},"end":{"line":2,"column":50}},"1":{"start":{"line":4,"column":34},"end":{"line":10,"column":1}},"2":{"start":{"line":5,"column":17},"end":{"line":5,"column":38}},"3":{"start":{"line":6,"column":4},"end":{"line":8,"column":5}},"4":{"start":{"line":7,"column":8},"end":{"line":7,"column":null}},"5":{"start":{"line":9,"column":4},"end":{"line":9,"column":null}},"6":{"start":{"line":4,"column":13},"end":{"line":4,"column":34}}},"fnMap":{"0":{"name":"(anonymous_0)","decl":{"start":{"line":4,"column":34},"end":{"line":4,"column":36}},"loc":{"start":{"line":4,"column":88},"end":{"line":10,"column":1}}}},"branchMap":{"0":{"loc":{"start":{"line":6,"column":4},"end":{"line":8,"column":5}},"type":"if","locations":[{"start":{"line":6,"column":4},"end":{"line":8,"column":5}}]}},"s":{"0":2,"1":2,"2":17,"3":17,"4":8,"5":9,"6":2},"f":{"0":17},"b":{"0":[8]}}
,"C:\\Users\\jhosl\\OneDrive\\Documentos\\React\\Introducion\\firt_app\\FRONTEND-BACKEND\\rest-api-node-ts-server\\src\\models\\Product.model.ts": {"path":"C:\\Users\\jhosl\\OneDrive\\Documentos\\React\\Introducion\\firt_app\\FRONTEND-BACKEND\\rest-api-node-ts-server\\src\\models\\Product.model.ts","statementMap":{"0":{"start":{"line":1,"column":0},"end":{"line":1,"column":73}},"1":{"start":{"line":7,"column":0},"end":{"line":23,"column":null}},"2":{"start":{"line":11,"column":12},"end":{"line":11,"column":null}},"3":{"start":{"line":16,"column":12},"end":{"line":16,"column":null}},"4":{"start":{"line":22,"column":12},"end":{"line":22,"column":null}},"5":{"start":{"line":7,"column":6},"end":{"line":23,"column":null}},"6":{"start":{"line":25,"column":0},"end":{"line":25,"column":null}}},"fnMap":{},"branchMap":{},"s":{"0":2,"1":2,"2":2,"3":2,"4":2,"5":2,"6":2},"f":{},"b":{}}
}
